<?xml version="1.0" encoding="UTF-8"?>
<!-- Generated by org.testng.reporters.JUnitXMLReporter -->
<testsuite hostname="LAPTOP-1OB50890" ignored="4" name="Test" tests="2" failures="0" timestamp="2021-07-16T10:53:37 EDT" time="20.568" errors="0">
  <testcase name="testCreateCustomer" time="4.44" classname="com.actitime.testcase.CreateCustomerTest"/>
  <testcase name="testDeleteCustomer" time="8.377" classname="com.actitime.testcase.DeleteCustomerTest"/>
  <testcase name="@BeforeSuite setupReport" time="0.0" classname="com.actitime.testcase.BaseTest">
    <ignored/>
  </testcase> <!-- @BeforeSuite setupReport -->
  <testcase name="@BeforeSuite setupReport" time="0.0" classname="com.actitime.testcase.BaseTest">
    <ignored/>
  </testcase> <!-- @BeforeSuite setupReport -->
  <testcase name="@AfterSuite reportflush" time="0.0" classname="com.actitime.testcase.BaseTest">
    <ignored/>
  </testcase> <!-- @AfterSuite reportflush -->
  <testcase name="@AfterSuite reportflush" time="0.0" classname="com.actitime.testcase.BaseTest">
    <ignored/>
  </testcase> <!-- @AfterSuite reportflush -->
</testsuite> <!-- Test -->
