<?xml version="1.0" encoding="UTF-8"?>
<testng-results skipped="0" failed="0" ignored="4" total="6" passed="2">
  <reporter-output>
  </reporter-output>
  <suite name="Suite" duration-ms="20568" started-at="2021-07-16T10:53:17 EDT" finished-at="2021-07-16T10:53:37 EDT">
    <groups>
    </groups>
    <test name="Test" duration-ms="20568" started-at="2021-07-16T10:53:17 EDT" finished-at="2021-07-16T10:53:37 EDT">
      <class name="com.actitime.testcase.DeleteCustomerTest">
        <test-method status="PASS" signature="setUp()[pri:0, instance:com.actitime.testcase.DeleteCustomerTest@1e7c7811]" name="setUp" is-config="true" duration-ms="3530" started-at="2021-07-16T10:53:25 EDT" finished-at="2021-07-16T10:53:29 EDT">
          <reporter-output>
          </reporter-output>
        </test-method> <!-- setUp -->
        <test-method status="PASS" signature="testDeleteCustomer()[pri:0, instance:com.actitime.testcase.DeleteCustomerTest@1e7c7811]" name="testDeleteCustomer" duration-ms="8377" started-at="2021-07-16T10:53:29 EDT" finished-at="2021-07-16T10:53:37 EDT">
          <reporter-output>
          </reporter-output>
        </test-method> <!-- testDeleteCustomer -->
        <test-method status="PASS" signature="tearDown(org.testng.ITestResult)[pri:0, instance:com.actitime.testcase.DeleteCustomerTest@1e7c7811]" name="tearDown" is-config="true" duration-ms="86" started-at="2021-07-16T10:53:37 EDT" finished-at="2021-07-16T10:53:37 EDT">
          <params>
            <param index="0">
              <value>
                <![CDATA[[TestResult name=testDeleteCustomer status=SUCCESS method=DeleteCustomerTest.testDeleteCustomer()[pri:0, instance:com.actitime.testcase.DeleteCustomerTest@1e7c7811] output={null}]]]>
              </value>
            </param>
          </params>
          <reporter-output>
          </reporter-output>
        </test-method> <!-- tearDown -->
      </class> <!-- com.actitime.testcase.DeleteCustomerTest -->
      <class name="com.actitime.testcase.CreateCustomerTest">
        <test-method status="PASS" signature="setUp()[pri:0, instance:com.actitime.testcase.CreateCustomerTest@7a3d45bd]" name="setUp" is-config="true" duration-ms="4013" started-at="2021-07-16T10:53:17 EDT" finished-at="2021-07-16T10:53:21 EDT">
          <reporter-output>
          </reporter-output>
        </test-method> <!-- setUp -->
        <test-method status="PASS" signature="testCreateCustomer()[pri:0, instance:com.actitime.testcase.CreateCustomerTest@7a3d45bd]" name="testCreateCustomer" duration-ms="4440" started-at="2021-07-16T10:53:21 EDT" finished-at="2021-07-16T10:53:25 EDT">
          <reporter-output>
          </reporter-output>
        </test-method> <!-- testCreateCustomer -->
        <test-method status="PASS" signature="tearDown(org.testng.ITestResult)[pri:0, instance:com.actitime.testcase.CreateCustomerTest@7a3d45bd]" name="tearDown" is-config="true" duration-ms="93" started-at="2021-07-16T10:53:25 EDT" finished-at="2021-07-16T10:53:25 EDT">
          <params>
            <param index="0">
              <value>
                <![CDATA[[TestResult name=testCreateCustomer status=SUCCESS method=CreateCustomerTest.testCreateCustomer()[pri:0, instance:com.actitime.testcase.CreateCustomerTest@7a3d45bd] output={null}]]]>
              </value>
            </param>
          </params>
          <reporter-output>
          </reporter-output>
        </test-method> <!-- tearDown -->
      </class> <!-- com.actitime.testcase.CreateCustomerTest -->
      <class name="com.actitime.testcase.BaseTest">
        <test-method status="PASS" signature="setupReport()[pri:0, instance:com.actitime.testcase.BaseTest@cb51256]" name="setupReport" is-config="true" duration-ms="89" started-at="2021-07-16T10:53:17 EDT" finished-at="2021-07-16T10:53:17 EDT">
          <reporter-output>
          </reporter-output>
        </test-method> <!-- setupReport -->
        <test-method status="PASS" signature="reportflush()[pri:0, instance:com.actitime.testcase.BaseTest@cb51256]" name="reportflush" is-config="true" duration-ms="276" started-at="2021-07-16T10:53:37 EDT" finished-at="2021-07-16T10:53:38 EDT">
          <reporter-output>
          </reporter-output>
        </test-method> <!-- reportflush -->
      </class> <!-- com.actitime.testcase.BaseTest -->
    </test> <!-- Test -->
  </suite> <!-- Suite -->
</testng-results>
